<!DOCTYPE html PUBLIC "-//W3C//DTD XHTML 1.1//EN" "http://www.w3.org/TR/xhtml11/DTD/xhtml11.dtd">
<html xmlns="http://www.w3.org/1999/xhtml"><head><title>TestNG Report</title><style type="text/css">table {margin-bottom:10px;border-collapse:collapse;empty-cells:show}th,td {border:1px solid #009;padding:.25em .5em}th {vertical-align:bottom}td {vertical-align:top}table a {font-weight:bold}.stripe td {background-color: #E6EBF9}.num {text-align:right}.passedodd td {background-color: #3F3}.passedeven td {background-color: #0A0}.skippedodd td {background-color: #DDD}.skippedeven td {background-color: #CCC}.failedodd td,.attn {background-color: #F33}.failedeven td,.stripe .attn {background-color: #D00}.stacktrace {white-space:pre;font-family:monospace}.totop {font-size:85%;text-align:center;border-bottom:2px solid #000}</style></head><body><table><tr><th>Test</th><th># Passed</th><th># Skipped</th><th># Failed</th><th>Time (ms)</th><th>Included Groups</th><th>Excluded Groups</th></tr><tr><th colspan="7">Suite</th></tr><tr><td><a href="#t0">Mobile_Chrome_test_iphone6</a></td><td class="num">1</td><td class="num attn">3</td><td class="num">0</td><td class="num">44,025</td><td></td><td></td></tr><tr class="stripe"><td><a href="#t1">Mobile_Chrome_test1_iphone7</a></td><td class="num">1</td><td class="num attn">3</td><td class="num">0</td><td class="num">40,783</td><td></td><td></td></tr><tr><td><a href="#t2">Mobile_firefox_test_iphone6</a></td><td class="num">1</td><td class="num attn">3</td><td class="num">0</td><td class="num">44,560</td><td></td><td></td></tr><tr class="stripe"><td><a href="#t3">Mobile_firefox_test1_iphone7</a></td><td class="num">1</td><td class="num attn">3</td><td class="num">0</td><td class="num">43,328</td><td></td><td></td></tr><tr><th>Total</th><th class="num">4</th><th class="num attn">12</th><th class="num">0</th><th class="num">172,696</th><th colspan="2"></th></tr></table><table><thead><tr><th>Class</th><th>Method</th><th>Start</th><th>Time (ms)</th></tr></thead><tbody><tr><th colspan="4">Suite</th></tr></tbody><tbody id="t0"><tr><th colspan="4">Mobile_Chrome_test_iphone6 &#8212; skipped</th></tr><tr class="skippedeven"><td rowspan="3">com.testcases.driverscripts.Execute_MainScript</td><td><a href="#m0">ExecuteTest</a></td><td rowspan="3">1546962378528</td><td rowspan="3">20</td></tr><tr class="skippedeven"><td><a href="#m1">ExecuteTest</a></td></tr><tr class="skippedeven"><td><a href="#m2">ExecuteTest</a></td></tr><tr><th colspan="4">Mobile_Chrome_test_iphone6 &#8212; passed</th></tr><tr class="passedeven"><td rowspan="1">com.testcases.driverscripts.Execute_MainScript</td><td><a href="#m3">ExecuteTest</a></td><td rowspan="1">1546962339362</td><td rowspan="1">39126</td></tr></tbody><tbody id="t1"><tr><th colspan="4">Mobile_Chrome_test1_iphone7 &#8212; skipped</th></tr><tr class="skippedeven"><td rowspan="3">com.testcases.driverscripts.Execute_MainScript</td><td><a href="#m4">ExecuteTest</a></td><td rowspan="3">1546962419311</td><td rowspan="3">31</td></tr><tr class="skippedeven"><td><a href="#m5">ExecuteTest</a></td></tr><tr class="skippedeven"><td><a href="#m6">ExecuteTest</a></td></tr><tr><th colspan="4">Mobile_Chrome_test1_iphone7 &#8212; passed</th></tr><tr class="passedeven"><td rowspan="1">com.testcases.driverscripts.Execute_MainScript</td><td><a href="#m7">ExecuteTest</a></td><td rowspan="1">1546962382100</td><td rowspan="1">37211</td></tr></tbody><tbody id="t2"><tr><th colspan="4">Mobile_firefox_test_iphone6 &#8212; skipped</th></tr><tr class="skippedeven"><td rowspan="3">com.testcases.driverscripts.Execute_MainScript</td><td><a href="#m8">ExecuteTest</a></td><td rowspan="3">1546962463908</td><td rowspan="3">15</td></tr><tr class="skippedeven"><td><a href="#m9">ExecuteTest</a></td></tr><tr class="skippedeven"><td><a href="#m10">ExecuteTest</a></td></tr><tr><th colspan="4">Mobile_firefox_test_iphone6 &#8212; passed</th></tr><tr class="passedeven"><td rowspan="1">com.testcases.driverscripts.Execute_MainScript</td><td><a href="#m11">ExecuteTest</a></td><td rowspan="1">1546962423360</td><td rowspan="1">40516</td></tr></tbody><tbody id="t3"><tr><th colspan="4">Mobile_firefox_test1_iphone7 &#8212; skipped</th></tr><tr class="skippedeven"><td rowspan="3">com.testcases.driverscripts.Execute_MainScript</td><td><a href="#m12">ExecuteTest</a></td><td rowspan="3">1546962507205</td><td rowspan="3">31</td></tr><tr class="skippedeven"><td><a href="#m13">ExecuteTest</a></td></tr><tr class="skippedeven"><td><a href="#m14">ExecuteTest</a></td></tr><tr><th colspan="4">Mobile_firefox_test1_iphone7 &#8212; passed</th></tr><tr class="passedeven"><td rowspan="1">com.testcases.driverscripts.Execute_MainScript</td><td><a href="#m15">ExecuteTest</a></td><td rowspan="1">1546962468583</td><td rowspan="1">38622</td></tr></tbody></table><h2>Mobile_Chrome_test_iphone6</h2><h3 id="m0">com.testcases.driverscripts.Execute_MainScript#ExecuteTest</h3><table class="result"><tr class="param"><th>Parameter #1</th><th>Parameter #2</th><th>Parameter #3</th><th>Parameter #4</th><th>Parameter #5</th><th>Parameter #6</th></tr><tr class="param stripe"><td>ALL_PAGES</td><td>END_TO_END</td><td>TC03_Verify_broken_image</td><td>Verify_broken_image</td><td>No</td><td>High</td></tr><tr><th colspan="6">Exception</th></tr><tr><td colspan="6"><div class="stacktrace">org.testng.SkipException: TC03_Verify_broken_image has been skipped..
	at com.testcases.driverscripts.Execute_MainScript.ExecuteTest(Execute_MainScript.java:236)
... Removed 24 stack frames</div></td></tr></table><p class="totop"><a href="#summary">back to summary</a></p><h3 id="m1">com.testcases.driverscripts.Execute_MainScript#ExecuteTest</h3><table class="result"><tr class="param"><th>Parameter #1</th><th>Parameter #2</th><th>Parameter #3</th><th>Parameter #4</th><th>Parameter #5</th><th>Parameter #6</th></tr><tr class="param stripe"><td>ALL_PAGES</td><td>END_TO_END</td><td>TC04_Verify_broken_URLs</td><td>Verify_broken_URLs</td><td>No</td><td>High</td></tr><tr><th colspan="6">Exception</th></tr><tr><td colspan="6"><div class="stacktrace">org.testng.SkipException: TC04_Verify_broken_URLs has been skipped..
	at com.testcases.driverscripts.Execute_MainScript.ExecuteTest(Execute_MainScript.java:236)
... Removed 24 stack frames</div></td></tr></table><p class="totop"><a href="#summary">back to summary</a></p><h3 id="m2">com.testcases.driverscripts.Execute_MainScript#ExecuteTest</h3><table class="result"><tr class="param"><th>Parameter #1</th><th>Parameter #2</th><th>Parameter #3</th><th>Parameter #4</th><th>Parameter #5</th><th>Parameter #6</th></tr><tr class="param stripe"><td>ALL_PAGES</td><td>END_TO_END</td><td>TC02_Verify_PDP_Page</td><td>Verify all section under PDP page - Verification testcase</td><td>No</td><td>High</td></tr><tr><th colspan="6">Exception</th></tr><tr><td colspan="6"><div class="stacktrace">org.testng.SkipException: TC02_Verify_PDP_Page has been skipped..
	at com.testcases.driverscripts.Execute_MainScript.ExecuteTest(Execute_MainScript.java:236)
... Removed 24 stack frames</div></td></tr></table><p class="totop"><a href="#summary">back to summary</a></p><h3 id="m3">com.testcases.driverscripts.Execute_MainScript#ExecuteTest</h3><table class="result"><tr class="param"><th>Parameter #1</th><th>Parameter #2</th><th>Parameter #3</th><th>Parameter #4</th><th>Parameter #5</th><th>Parameter #6</th></tr><tr class="param stripe"><td>ALL_PAGES</td><td>END_TO_END</td><td>TC01_End_To_End</td><td>Validate end to end functional flow - Validataion testcase</td><td>Yes</td><td>High</td></tr></table><p class="totop"><a href="#summary">back to summary</a></p><h2>Mobile_Chrome_test1_iphone7</h2><h3 id="m4">com.testcases.driverscripts.Execute_MainScript#ExecuteTest</h3><table class="result"><tr class="param"><th>Parameter #1</th><th>Parameter #2</th><th>Parameter #3</th><th>Parameter #4</th><th>Parameter #5</th><th>Parameter #6</th></tr><tr class="param stripe"><td>ALL_PAGES</td><td>END_TO_END</td><td>TC02_Verify_PDP_Page</td><td>Verify all section under PDP page - Verification testcase</td><td>No</td><td>High</td></tr><tr><th colspan="6">Exception</th></tr><tr><td colspan="6"><div class="stacktrace">org.testng.SkipException: TC02_Verify_PDP_Page has been skipped..
	at com.testcases.driverscripts.Execute_MainScript.ExecuteTest(Execute_MainScript.java:236)
... Removed 24 stack frames</div></td></tr></table><p class="totop"><a href="#summary">back to summary</a></p><h3 id="m5">com.testcases.driverscripts.Execute_MainScript#ExecuteTest</h3><table class="result"><tr class="param"><th>Parameter #1</th><th>Parameter #2</th><th>Parameter #3</th><th>Parameter #4</th><th>Parameter #5</th><th>Parameter #6</th></tr><tr class="param stripe"><td>ALL_PAGES</td><td>END_TO_END</td><td>TC04_Verify_broken_URLs</td><td>Verify_broken_URLs</td><td>No</td><td>High</td></tr><tr><th colspan="6">Exception</th></tr><tr><td colspan="6"><div class="stacktrace">org.testng.SkipException: TC04_Verify_broken_URLs has been skipped..
	at com.testcases.driverscripts.Execute_MainScript.ExecuteTest(Execute_MainScript.java:236)
... Removed 24 stack frames</div></td></tr></table><p class="totop"><a href="#summary">back to summary</a></p><h3 id="m6">com.testcases.driverscripts.Execute_MainScript#ExecuteTest</h3><table class="result"><tr class="param"><th>Parameter #1</th><th>Parameter #2</th><th>Parameter #3</th><th>Parameter #4</th><th>Parameter #5</th><th>Parameter #6</th></tr><tr class="param stripe"><td>ALL_PAGES</td><td>END_TO_END</td><td>TC03_Verify_broken_image</td><td>Verify_broken_image</td><td>No</td><td>High</td></tr><tr><th colspan="6">Exception</th></tr><tr><td colspan="6"><div class="stacktrace">org.testng.SkipException: TC03_Verify_broken_image has been skipped..
	at com.testcases.driverscripts.Execute_MainScript.ExecuteTest(Execute_MainScript.java:236)
... Removed 24 stack frames</div></td></tr></table><p class="totop"><a href="#summary">back to summary</a></p><h3 id="m7">com.testcases.driverscripts.Execute_MainScript#ExecuteTest</h3><table class="result"><tr class="param"><th>Parameter #1</th><th>Parameter #2</th><th>Parameter #3</th><th>Parameter #4</th><th>Parameter #5</th><th>Parameter #6</th></tr><tr class="param stripe"><td>ALL_PAGES</td><td>END_TO_END</td><td>TC01_End_To_End</td><td>Validate end to end functional flow - Validataion testcase</td><td>Yes</td><td>High</td></tr></table><p class="totop"><a href="#summary">back to summary</a></p><h2>Mobile_firefox_test_iphone6</h2><h3 id="m8">com.testcases.driverscripts.Execute_MainScript#ExecuteTest</h3><table class="result"><tr class="param"><th>Parameter #1</th><th>Parameter #2</th><th>Parameter #3</th><th>Parameter #4</th><th>Parameter #5</th><th>Parameter #6</th></tr><tr class="param stripe"><td>ALL_PAGES</td><td>END_TO_END</td><td>TC03_Verify_broken_image</td><td>Verify_broken_image</td><td>No</td><td>High</td></tr><tr><th colspan="6">Exception</th></tr><tr><td colspan="6"><div class="stacktrace">org.testng.SkipException: TC03_Verify_broken_image has been skipped..
	at com.testcases.driverscripts.Execute_MainScript.ExecuteTest(Execute_MainScript.java:236)
... Removed 24 stack frames</div></td></tr></table><p class="totop"><a href="#summary">back to summary</a></p><h3 id="m9">com.testcases.driverscripts.Execute_MainScript#ExecuteTest</h3><table class="result"><tr class="param"><th>Parameter #1</th><th>Parameter #2</th><th>Parameter #3</th><th>Parameter #4</th><th>Parameter #5</th><th>Parameter #6</th></tr><tr class="param stripe"><td>ALL_PAGES</td><td>END_TO_END</td><td>TC04_Verify_broken_URLs</td><td>Verify_broken_URLs</td><td>No</td><td>High</td></tr><tr><th colspan="6">Exception</th></tr><tr><td colspan="6"><div class="stacktrace">org.testng.SkipException: TC04_Verify_broken_URLs has been skipped..
	at com.testcases.driverscripts.Execute_MainScript.ExecuteTest(Execute_MainScript.java:236)
... Removed 24 stack frames</div></td></tr></table><p class="totop"><a href="#summary">back to summary</a></p><h3 id="m10">com.testcases.driverscripts.Execute_MainScript#ExecuteTest</h3><table class="result"><tr class="param"><th>Parameter #1</th><th>Parameter #2</th><th>Parameter #3</th><th>Parameter #4</th><th>Parameter #5</th><th>Parameter #6</th></tr><tr class="param stripe"><td>ALL_PAGES</td><td>END_TO_END</td><td>TC02_Verify_PDP_Page</td><td>Verify all section under PDP page - Verification testcase</td><td>No</td><td>High</td></tr><tr><th colspan="6">Exception</th></tr><tr><td colspan="6"><div class="stacktrace">org.testng.SkipException: TC02_Verify_PDP_Page has been skipped..
	at com.testcases.driverscripts.Execute_MainScript.ExecuteTest(Execute_MainScript.java:236)
... Removed 24 stack frames</div></td></tr></table><p class="totop"><a href="#summary">back to summary</a></p><h3 id="m11">com.testcases.driverscripts.Execute_MainScript#ExecuteTest</h3><table class="result"><tr class="param"><th>Parameter #1</th><th>Parameter #2</th><th>Parameter #3</th><th>Parameter #4</th><th>Parameter #5</th><th>Parameter #6</th></tr><tr class="param stripe"><td>ALL_PAGES</td><td>END_TO_END</td><td>TC01_End_To_End</td><td>Validate end to end functional flow - Validataion testcase</td><td>Yes</td><td>High</td></tr></table><p class="totop"><a href="#summary">back to summary</a></p><h2>Mobile_firefox_test1_iphone7</h2><h3 id="m12">com.testcases.driverscripts.Execute_MainScript#ExecuteTest</h3><table class="result"><tr class="param"><th>Parameter #1</th><th>Parameter #2</th><th>Parameter #3</th><th>Parameter #4</th><th>Parameter #5</th><th>Parameter #6</th></tr><tr class="param stripe"><td>ALL_PAGES</td><td>END_TO_END</td><td>TC02_Verify_PDP_Page</td><td>Verify all section under PDP page - Verification testcase</td><td>No</td><td>High</td></tr><tr><th colspan="6">Exception</th></tr><tr><td colspan="6"><div class="stacktrace">org.testng.SkipException: TC02_Verify_PDP_Page has been skipped..
	at com.testcases.driverscripts.Execute_MainScript.ExecuteTest(Execute_MainScript.java:236)
... Removed 24 stack frames</div></td></tr></table><p class="totop"><a href="#summary">back to summary</a></p><h3 id="m13">com.testcases.driverscripts.Execute_MainScript#ExecuteTest</h3><table class="result"><tr class="param"><th>Parameter #1</th><th>Parameter #2</th><th>Parameter #3</th><th>Parameter #4</th><th>Parameter #5</th><th>Parameter #6</th></tr><tr class="param stripe"><td>ALL_PAGES</td><td>END_TO_END</td><td>TC03_Verify_broken_image</td><td>Verify_broken_image</td><td>No</td><td>High</td></tr><tr><th colspan="6">Exception</th></tr><tr><td colspan="6"><div class="stacktrace">org.testng.SkipException: TC03_Verify_broken_image has been skipped..
	at com.testcases.driverscripts.Execute_MainScript.ExecuteTest(Execute_MainScript.java:236)
... Removed 24 stack frames</div></td></tr></table><p class="totop"><a href="#summary">back to summary</a></p><h3 id="m14">com.testcases.driverscripts.Execute_MainScript#ExecuteTest</h3><table class="result"><tr class="param"><th>Parameter #1</th><th>Parameter #2</th><th>Parameter #3</th><th>Parameter #4</th><th>Parameter #5</th><th>Parameter #6</th></tr><tr class="param stripe"><td>ALL_PAGES</td><td>END_TO_END</td><td>TC04_Verify_broken_URLs</td><td>Verify_broken_URLs</td><td>No</td><td>High</td></tr><tr><th colspan="6">Exception</th></tr><tr><td colspan="6"><div class="stacktrace">org.testng.SkipException: TC04_Verify_broken_URLs has been skipped..
	at com.testcases.driverscripts.Execute_MainScript.ExecuteTest(Execute_MainScript.java:236)
... Removed 24 stack frames</div></td></tr></table><p class="totop"><a href="#summary">back to summary</a></p><h3 id="m15">com.testcases.driverscripts.Execute_MainScript#ExecuteTest</h3><table class="result"><tr class="param"><th>Parameter #1</th><th>Parameter #2</th><th>Parameter #3</th><th>Parameter #4</th><th>Parameter #5</th><th>Parameter #6</th></tr><tr class="param stripe"><td>ALL_PAGES</td><td>END_TO_END</td><td>TC01_End_To_End</td><td>Validate end to end functional flow - Validataion testcase</td><td>Yes</td><td>High</td></tr></table><p class="totop"><a href="#summary">back to summary</a></p></body></html>